<?xml version="1.0" encoding="UTF-8"?>
<testng-results skipped="0" failed="0" ignored="0" total="2" passed="2">
  <reporter-output>
    <line>
      <![CDATA[something]]>
    </line>
    <line>
      <![CDATA[entering username : admin]]>
    </line>
    <line>
      <![CDATA[entering password : admin123]]>
    </line>
    <line>
      <![CDATA[clicking login button]]>
    </line>
  </reporter-output>
  <suite name="Running Regression" duration-ms="13685" started-at="2022-12-07T16:22:58Z" finished-at="2022-12-07T16:23:11Z">
    <groups>
    </groups>
    <test name="Login ParaBank" duration-ms="13685" started-at="2022-12-07T16:22:58Z" finished-at="2022-12-07T16:23:11Z">
      <class name="ParaBankProject.TestNgTest">
        <test-method status="PASS" signature="beforesuite()[pri:0, instance:ParaBankProject.TestNgTest@490ab905]" name="beforesuite" is-config="true" duration-ms="25" started-at="2022-12-07T16:22:57Z" finished-at="2022-12-07T16:22:58Z">
          <reporter-output>
          </reporter-output>
        </test-method> <!-- beforesuite -->
        <test-method status="PASS" signature="beforeTest()[pri:0, instance:ParaBankProject.TestNgTest@490ab905]" name="beforeTest" is-config="true" duration-ms="4110" started-at="2022-12-07T16:22:58Z" finished-at="2022-12-07T16:23:02Z">
          <reporter-output>
          </reporter-output>
        </test-method> <!-- beforeTest -->
        <test-method status="PASS" signature="Test2()[pri:0, instance:ParaBankProject.TestNgTest@490ab905]" name="Test2" duration-ms="0" started-at="2022-12-07T16:23:02Z" finished-at="2022-12-07T16:23:02Z">
          <reporter-output>
            <line>
              <![CDATA[something]]>
            </line>
          </reporter-output>
        </test-method> <!-- Test2 -->
        <test-method status="PASS" signature="loginToParaBank()[pri:0, instance:ParaBankProject.TestNgTest@490ab905]" name="loginToParaBank" duration-ms="7947" started-at="2022-12-07T16:23:02Z" finished-at="2022-12-07T16:23:10Z">
          <reporter-output>
            <line>
              <![CDATA[entering username : admin]]>
            </line>
            <line>
              <![CDATA[entering password : admin123]]>
            </line>
            <line>
              <![CDATA[clicking login button]]>
            </line>
          </reporter-output>
        </test-method> <!-- loginToParaBank -->
        <test-method status="PASS" signature="AfterTest()[pri:0, instance:ParaBankProject.TestNgTest@490ab905]" name="AfterTest" is-config="true" duration-ms="1605" started-at="2022-12-07T16:23:10Z" finished-at="2022-12-07T16:23:11Z">
          <reporter-output>
          </reporter-output>
        </test-method> <!-- AfterTest -->
      </class> <!-- ParaBankProject.TestNgTest -->
    </test> <!-- Login ParaBank -->
  </suite> <!-- Running Regression -->
</testng-results>
